0 info it worked if it ends with ok
1 verbose cli [ '/usr/local/bin/node', '/usr/local/bin/npm', 'start' ]
2 info using npm@6.14.18
3 info using node@v14.21.3
4 verbose run-script [ 'prestart', 'start', 'poststart' ]
5 info lifecycle nodejs-docker-api@1.0.0~prestart: nodejs-docker-api@1.0.0
6 info lifecycle nodejs-docker-api@1.0.0~start: nodejs-docker-api@1.0.0
7 verbose lifecycle nodejs-docker-api@1.0.0~start: unsafe-perm in lifecycle true
8 verbose lifecycle nodejs-docker-api@1.0.0~start: PATH: /usr/local/lib/node_modules/npm/node_modules/npm-lifecycle/node-gyp-bin:/usr/src/app/node_modules/.bin:/usr/local/sbin:/usr/local/bin:/usr/sbin:/usr/bin:/sbin:/bin
9 verbose lifecycle nodejs-docker-api@1.0.0~start: CWD: /usr/src/app
10 silly lifecycle nodejs-docker-api@1.0.0~start: Args: [ '-c', 'node src/app.js' ]
11 silly lifecycle nodejs-docker-api@1.0.0~start: Returned: code: 1  signal: null
12 info lifecycle nodejs-docker-api@1.0.0~start: Failed to exec start script
13 verbose stack Error: nodejs-docker-api@1.0.0 start: `node src/app.js`
13 verbose stack Exit status 1
13 verbose stack     at EventEmitter.<anonymous> (/usr/local/lib/node_modules/npm/node_modules/npm-lifecycle/index.js:332:16)
13 verbose stack     at EventEmitter.emit (events.js:400:28)
13 verbose stack     at ChildProcess.<anonymous> (/usr/local/lib/node_modules/npm/node_modules/npm-lifecycle/lib/spawn.js:55:14)
13 verbose stack     at ChildProcess.emit (events.js:400:28)
13 verbose stack     at maybeClose (internal/child_process.js:1088:16)
13 verbose stack     at Process.ChildProcess._handle.onexit (internal/child_process.js:296:5)
14 verbose pkgid nodejs-docker-api@1.0.0
15 verbose cwd /usr/src/app
16 verbose Linux 6.12.5-linuxkit
17 verbose argv "/usr/local/bin/node" "/usr/local/bin/npm" "start"
18 verbose node v14.21.3
19 verbose npm  v6.14.18
20 error code ELIFECYCLE
21 error errno 1
22 error nodejs-docker-api@1.0.0 start: `node src/app.js`
22 error Exit status 1
23 error Failed at the nodejs-docker-api@1.0.0 start script.
23 error This is probably not a problem with npm. There is likely additional logging output above.
24 verbose exit [ 1, true ]
